nohup: ignoring input
INFO:     Will watch for changes in these directories: ['/workspaces/zoreza-corte-semanal/zoreza-pro/backend']
INFO:     Uvicorn running on http://0.0.0.0:8000 (Press CTRL+C to quit)
INFO:     Started reloader process [100822] using WatchFiles
INFO:     Started server process [100828]
INFO:     Waiting for application startup.
INFO:     Application startup complete.
INFO:     127.0.0.1:57610 - "GET /health HTTP/1.1" 200 OK
INFO:     127.0.0.1:57624 - "POST /zoreza-admin/api/auth/login HTTP/1.1" 200 OK
INFO:     127.0.0.1:57638 - "POST /demo/api/v1/auth/login HTTP/1.1" 200 OK
INFO:     127.0.0.1:35630 - "POST /zoreza-admin/api/auth/login HTTP/1.1" 200 OK
INFO:     127.0.0.1:35642 - "GET /zoreza-admin/api/tenants HTTP/1.1" 200 OK
INFO:     127.0.0.1:35646 - "POST /zoreza-admin/api/tenants HTTP/1.1" 201 Created
INFO:     127.0.0.1:35072 - "POST /cym/api/v1/auth/login HTTP/1.1" 200 OK
INFO:     127.0.0.1:35082 - "POST /cym/api/v1/auth/login HTTP/1.1" 200 OK
INFO:     127.0.0.1:35096 - "GET /cym/api/v1/clientes HTTP/1.1" 200 OK
INFO:     127.0.0.1:35106 - "POST /demo/api/v1/auth/login HTTP/1.1" 200 OK
INFO:     127.0.0.1:35122 - "GET /demo/api/v1/clientes HTTP/1.1" 200 OK
INFO:     127.0.0.1:51544 - "POST /demo/api/v1/auth/login HTTP/1.1" 200 OK
INFO:     127.0.0.1:54278 - "POST /demo/api/v1/auth/login HTTP/1.1" 200 OK
INFO:     127.0.0.1:54294 - "POST /zoreza-admin/api/auth/login HTTP/1.1" 200 OK
WARNING:  WatchFiles detected changes in 'app/db/master_base.py', 'app/api/v1/endpoints/superadmin.py', 'app/main.py', 'app/core/tenant_middleware.py', 'app/schemas/tenant.py', 'app/services/tenant_service.py', 'app/models/tenant.py', 'app/db/master_session.py', 'app/db/tenant_session.py', 'app/core/deps.py'. Reloading...
INFO:     Shutting down
INFO:     Waiting for application shutdown.
INFO:     Application shutdown complete.
INFO:     Finished server process [100828]
INFO:     Started server process [104939]
INFO:     Waiting for application startup.
INFO:     Application startup complete.
INFO:     127.0.0.1:50448 - "GET /tu-negocio/api/v1/auth/me HTTP/1.1" 404 Not Found
INFO:     127.0.0.1:50458 - "GET /tu-negocio/api/v1/auth/me HTTP/1.1" 404 Not Found
INFO:     127.0.0.1:48350 - "POST /tu-negocio/api/v1/auth/login HTTP/1.1" 404 Not Found
INFO:     127.0.0.1:53670 - "GET /tcym/api/v1/auth/me HTTP/1.1" 404 Not Found
INFO:     127.0.0.1:53672 - "GET /tcym/api/v1/auth/me HTTP/1.1" 404 Not Found
INFO:     127.0.0.1:53684 - "GET /cym/api/v1/auth/me HTTP/1.1" 401 Unauthorized
INFO:     127.0.0.1:53686 - "GET /cym/api/v1/auth/me HTTP/1.1" 401 Unauthorized
INFO:     127.0.0.1:53702 - "POST /cym/api/v1/auth/refresh HTTP/1.1" 401 Unauthorized
INFO:     127.0.0.1:53718 - "POST /cym/api/v1/auth/refresh HTTP/1.1" 401 Unauthorized
INFO:     127.0.0.1:59518 - "POST /cym/api/v1/auth/login HTTP/1.1" 401 Unauthorized
INFO:     127.0.0.1:33452 - "POST /zoreza-admin/api/auth/login HTTP/1.1" 200 OK
INFO:     127.0.0.1:33456 - "GET /zoreza-admin/api/tenants HTTP/1.1" 200 OK
INFO:     127.0.0.1:33464 - "GET /zoreza-admin/api/tenants HTTP/1.1" 200 OK
WARNING:  WatchFiles detected changes in 'app/models/app_release.py'. Reloading...
INFO:     Shutting down
INFO:     Waiting for application shutdown.
INFO:     Application shutdown complete.
INFO:     Finished server process [104939]
WARNING:  WatchFiles detected changes in 'app/models/app_release.py'. Reloading...
INFO:     Started server process [112082]
INFO:     Waiting for application startup.
INFO:     Application startup complete.
WARNING:  WatchFiles detected changes in 'app/schemas/release.py'. Reloading...
INFO:     Shutting down
INFO:     Waiting for application shutdown.
INFO:     Application shutdown complete.
INFO:     Finished server process [112082]
WARNING:  WatchFiles detected changes in 'app/schemas/release.py'. Reloading...
INFO:     Started server process [112128]
INFO:     Waiting for application startup.
INFO:     Application startup complete.
WARNING:  WatchFiles detected changes in 'app/api/v1/endpoints/superadmin.py'. Reloading...
INFO:     Shutting down
INFO:     Waiting for application shutdown.
INFO:     Application shutdown complete.
INFO:     Finished server process [112128]
INFO:     Started server process [112260]
INFO:     Waiting for application startup.
INFO:     Application startup complete.
WARNING:  WatchFiles detected changes in 'app/api/v1/endpoints/superadmin.py'. Reloading...
INFO:     Shutting down
INFO:     Waiting for application shutdown.
INFO:     Application shutdown complete.
INFO:     Finished server process [112260]
INFO:     Started server process [112421]
INFO:     Waiting for application startup.
INFO:     Application startup complete.
WARNING:  WatchFiles detected changes in 'app/main.py'. Reloading...
INFO:     Shutting down
INFO:     Waiting for application shutdown.
INFO:     Application shutdown complete.
INFO:     Finished server process [112421]
INFO:     Started server process [112454]
INFO:     Waiting for application startup.
INFO:     Application startup complete.
WARNING:  WatchFiles detected changes in 'app/api/v1/endpoints/superadmin.py'. Reloading...
INFO:     Shutting down
INFO:     Waiting for application shutdown.
INFO:     Application shutdown complete.
INFO:     Finished server process [112454]
INFO:     Started server process [112611]
INFO:     Waiting for application startup.
INFO:     Application startup complete.
WARNING:  WatchFiles detected changes in 'app/api/v1/endpoints/superadmin.py', 'app/main.py', 'app/models/app_release.py', 'app/schemas/release.py'. Reloading...
INFO:     Shutting down
INFO:     Waiting for application shutdown.
INFO:     Application shutdown complete.
INFO:     Finished server process [112611]
INFO:     Started server process [112952]
INFO:     Waiting for application startup.
INFO:     Application startup complete.
INFO:     127.0.0.1:47152 - "GET /zoreza-admin/api/auth/me HTTP/1.1" 200 OK
INFO:     127.0.0.1:47164 - "GET /zoreza-admin/api/auth/me HTTP/1.1" 200 OK
INFO:     127.0.0.1:52870 - "GET /zoreza-admin/api/auth/me HTTP/1.1" 200 OK
INFO:     127.0.0.1:52886 - "GET /zoreza-admin/api/auth/me HTTP/1.1" 200 OK
INFO:     127.0.0.1:52892 - "GET /zoreza-admin/api/tenants HTTP/1.1" 200 OK
INFO:     127.0.0.1:52902 - "GET /zoreza-admin/api/tenants HTTP/1.1" 200 OK
INFO:     127.0.0.1:38826 - "GET /health HTTP/1.1" 200 OK
INFO:     127.0.0.1:37710 - "POST /zoreza-admin/api/auth/login HTTP/1.1" 200 OK
INFO:     127.0.0.1:37718 - "GET /zoreza-admin/api/releases/latest HTTP/1.1" 404 Not Found
INFO:     127.0.0.1:37726 - "GET /zoreza-admin/api/releases HTTP/1.1" 200 OK
INFO:     127.0.0.1:44682 - "POST /zoreza-admin/api/auth/login HTTP/1.1" 200 OK
INFO:     127.0.0.1:44692 - "GET /zoreza-admin/api/releases/latest HTTP/1.1" 404 Not Found
INFO:     127.0.0.1:44702 - "GET /zoreza-admin/api/releases HTTP/1.1" 200 OK
INFO:     127.0.0.1:44706 - "POST /zoreza-admin/api/auth/login HTTP/1.1" 200 OK
INFO:     127.0.0.1:44720 - "GET /zoreza-admin/api/releases HTTP/1.1" 200 OK
INFO:     127.0.0.1:60362 - "POST /zoreza-admin/api/auth/login HTTP/1.1" 200 OK
INFO:     127.0.0.1:60374 - "POST /zoreza-admin/api/releases HTTP/1.1" 500 Internal Server Error
ERROR:    Exception in ASGI application
Traceback (most recent call last):
  File "/home/vscode/.local/lib/python3.11/site-packages/sqlalchemy/engine/base.py", line 1967, in _exec_single_context
    self.dialect.do_execute(
  File "/home/vscode/.local/lib/python3.11/site-packages/sqlalchemy/engine/default.py", line 952, in do_execute
    cursor.execute(statement, parameters)
  File "/home/vscode/.local/lib/python3.11/site-packages/sqlalchemy/dialects/sqlite/aiosqlite.py", line 182, in execute
    self._adapt_connection._handle_exception(error)
  File "/home/vscode/.local/lib/python3.11/site-packages/sqlalchemy/dialects/sqlite/aiosqlite.py", line 342, in _handle_exception
    raise error
  File "/home/vscode/.local/lib/python3.11/site-packages/sqlalchemy/dialects/sqlite/aiosqlite.py", line 164, in execute
    self.await_(_cursor.execute(operation, parameters))
  File "/home/vscode/.local/lib/python3.11/site-packages/sqlalchemy/util/_concurrency_py3k.py", line 132, in await_only
    return current.parent.switch(awaitable)  # type: ignore[no-any-return,attr-defined] # noqa: E501
           ^^^^^^^^^^^^^^^^^^^^^^^^^^^^^^^^
  File "/home/vscode/.local/lib/python3.11/site-packages/sqlalchemy/util/_concurrency_py3k.py", line 196, in greenlet_spawn
    value = await result
            ^^^^^^^^^^^^
  File "/home/vscode/.local/lib/python3.11/site-packages/aiosqlite/cursor.py", line 40, in execute
    await self._execute(self._cursor.execute, sql, parameters)
  File "/home/vscode/.local/lib/python3.11/site-packages/aiosqlite/cursor.py", line 32, in _execute
    return await self._conn._execute(fn, *args, **kwargs)
           ^^^^^^^^^^^^^^^^^^^^^^^^^^^^^^^^^^^^^^^^^^^^^^
  File "/home/vscode/.local/lib/python3.11/site-packages/aiosqlite/core.py", line 160, in _execute
    return await future
           ^^^^^^^^^^^^
  File "/home/vscode/.local/lib/python3.11/site-packages/aiosqlite/core.py", line 63, in _connection_worker_thread
    result = function()
             ^^^^^^^^^^
sqlite3.OperationalError: attempt to write a readonly database

The above exception was the direct cause of the following exception:

Traceback (most recent call last):
  File "/home/vscode/.local/lib/python3.11/site-packages/uvicorn/protocols/http/httptools_impl.py", line 416, in run_asgi
    result = await app(  # type: ignore[func-returns-value]
             ^^^^^^^^^^^^^^^^^^^^^^^^^^^^^^^^^^^^^^^^^^^^^^
  File "/home/vscode/.local/lib/python3.11/site-packages/uvicorn/middleware/proxy_headers.py", line 60, in __call__
    return await self.app(scope, receive, send)
           ^^^^^^^^^^^^^^^^^^^^^^^^^^^^^^^^^^^^
  File "/home/vscode/.local/lib/python3.11/site-packages/fastapi/applications.py", line 1159, in __call__
    await super().__call__(scope, receive, send)
  File "/home/vscode/.local/lib/python3.11/site-packages/starlette/applications.py", line 90, in __call__
    await self.middleware_stack(scope, receive, send)
  File "/home/vscode/.local/lib/python3.11/site-packages/starlette/middleware/errors.py", line 186, in __call__
    raise exc
  File "/home/vscode/.local/lib/python3.11/site-packages/starlette/middleware/errors.py", line 164, in __call__
    await self.app(scope, receive, _send)
  File "/home/vscode/.local/lib/python3.11/site-packages/starlette/middleware/base.py", line 191, in __call__
    with recv_stream, send_stream, collapse_excgroups():
  File "/usr/local/lib/python3.11/contextlib.py", line 158, in __exit__
    self.gen.throw(typ, value, traceback)
  File "/home/vscode/.local/lib/python3.11/site-packages/starlette/_utils.py", line 87, in collapse_excgroups
    raise exc
  File "/home/vscode/.local/lib/python3.11/site-packages/starlette/middleware/base.py", line 193, in __call__
    response = await self.dispatch_func(request, call_next)
               ^^^^^^^^^^^^^^^^^^^^^^^^^^^^^^^^^^^^^^^^^^^^
  File "/workspaces/zoreza-corte-semanal/zoreza-pro/backend/app/core/tenant_middleware.py", line 37, in dispatch
    return await call_next(request)
           ^^^^^^^^^^^^^^^^^^^^^^^^
  File "/home/vscode/.local/lib/python3.11/site-packages/starlette/middleware/base.py", line 168, in call_next
    raise app_exc from app_exc.__cause__ or app_exc.__context__
  File "/home/vscode/.local/lib/python3.11/site-packages/starlette/middleware/base.py", line 144, in coro
    await self.app(scope, receive_or_disconnect, send_no_error)
  File "/home/vscode/.local/lib/python3.11/site-packages/starlette/middleware/cors.py", line 88, in __call__
    await self.app(scope, receive, send)
  File "/home/vscode/.local/lib/python3.11/site-packages/starlette/middleware/exceptions.py", line 63, in __call__
    await wrap_app_handling_exceptions(self.app, conn)(scope, receive, send)
  File "/home/vscode/.local/lib/python3.11/site-packages/starlette/_exception_handler.py", line 53, in wrapped_app
    raise exc
  File "/home/vscode/.local/lib/python3.11/site-packages/starlette/_exception_handler.py", line 42, in wrapped_app
    await app(scope, receive, sender)
  File "/home/vscode/.local/lib/python3.11/site-packages/fastapi/middleware/asyncexitstack.py", line 18, in __call__
    await self.app(scope, receive, send)
  File "/home/vscode/.local/lib/python3.11/site-packages/starlette/routing.py", line 660, in __call__
    await self.middleware_stack(scope, receive, send)
  File "/home/vscode/.local/lib/python3.11/site-packages/starlette/routing.py", line 680, in app
    await route.handle(scope, receive, send)
  File "/home/vscode/.local/lib/python3.11/site-packages/starlette/routing.py", line 276, in handle
    await self.app(scope, receive, send)
  File "/home/vscode/.local/lib/python3.11/site-packages/fastapi/routing.py", line 134, in app
    await wrap_app_handling_exceptions(app, request)(scope, receive, send)
  File "/home/vscode/.local/lib/python3.11/site-packages/starlette/_exception_handler.py", line 53, in wrapped_app
    raise exc
  File "/home/vscode/.local/lib/python3.11/site-packages/starlette/_exception_handler.py", line 42, in wrapped_app
    await app(scope, receive, sender)
  File "/home/vscode/.local/lib/python3.11/site-packages/fastapi/routing.py", line 120, in app
    response = await f(request)
               ^^^^^^^^^^^^^^^^
  File "/home/vscode/.local/lib/python3.11/site-packages/fastapi/routing.py", line 674, in app
    raw_response = await run_endpoint_function(
                   ^^^^^^^^^^^^^^^^^^^^^^^^^^^^
  File "/home/vscode/.local/lib/python3.11/site-packages/fastapi/routing.py", line 328, in run_endpoint_function
    return await dependant.call(**values)
           ^^^^^^^^^^^^^^^^^^^^^^^^^^^^^^
  File "/workspaces/zoreza-corte-semanal/zoreza-pro/backend/app/api/v1/endpoints/superadmin.py", line 195, in upload_release
    await db.commit()
  File "/home/vscode/.local/lib/python3.11/site-packages/sqlalchemy/ext/asyncio/session.py", line 1000, in commit
    await greenlet_spawn(self.sync_session.commit)
  File "/home/vscode/.local/lib/python3.11/site-packages/sqlalchemy/util/_concurrency_py3k.py", line 203, in greenlet_spawn
    result = context.switch(value)
             ^^^^^^^^^^^^^^^^^^^^^
  File "/home/vscode/.local/lib/python3.11/site-packages/sqlalchemy/orm/session.py", line 2030, in commit
    trans.commit(_to_root=True)
  File "<string>", line 2, in commit
  File "/home/vscode/.local/lib/python3.11/site-packages/sqlalchemy/orm/state_changes.py", line 137, in _go
    ret_value = fn(self, *arg, **kw)
                ^^^^^^^^^^^^^^^^^^^^
  File "/home/vscode/.local/lib/python3.11/site-packages/sqlalchemy/orm/session.py", line 1311, in commit
    self._prepare_impl()
  File "<string>", line 2, in _prepare_impl
  File "/home/vscode/.local/lib/python3.11/site-packages/sqlalchemy/orm/state_changes.py", line 137, in _go
    ret_value = fn(self, *arg, **kw)
                ^^^^^^^^^^^^^^^^^^^^
  File "/home/vscode/.local/lib/python3.11/site-packages/sqlalchemy/orm/session.py", line 1286, in _prepare_impl
    self.session.flush()
  File "/home/vscode/.local/lib/python3.11/site-packages/sqlalchemy/orm/session.py", line 4331, in flush
    self._flush(objects)
  File "/home/vscode/.local/lib/python3.11/site-packages/sqlalchemy/orm/session.py", line 4466, in _flush
    with util.safe_reraise():
  File "/home/vscode/.local/lib/python3.11/site-packages/sqlalchemy/util/langhelpers.py", line 121, in __exit__
    raise exc_value.with_traceback(exc_tb)
  File "/home/vscode/.local/lib/python3.11/site-packages/sqlalchemy/orm/session.py", line 4427, in _flush
    flush_context.execute()
  File "/home/vscode/.local/lib/python3.11/site-packages/sqlalchemy/orm/unitofwork.py", line 466, in execute
    rec.execute(self)
  File "/home/vscode/.local/lib/python3.11/site-packages/sqlalchemy/orm/unitofwork.py", line 642, in execute
    util.preloaded.orm_persistence.save_obj(
  File "/home/vscode/.local/lib/python3.11/site-packages/sqlalchemy/orm/persistence.py", line 93, in save_obj
    _emit_insert_statements(
  File "/home/vscode/.local/lib/python3.11/site-packages/sqlalchemy/orm/persistence.py", line 1233, in _emit_insert_statements
    result = connection.execute(
             ^^^^^^^^^^^^^^^^^^^
  File "/home/vscode/.local/lib/python3.11/site-packages/sqlalchemy/engine/base.py", line 1419, in execute
    return meth(
           ^^^^^
  File "/home/vscode/.local/lib/python3.11/site-packages/sqlalchemy/sql/elements.py", line 527, in _execute_on_connection
    return connection._execute_clauseelement(
           ^^^^^^^^^^^^^^^^^^^^^^^^^^^^^^^^^^
  File "/home/vscode/.local/lib/python3.11/site-packages/sqlalchemy/engine/base.py", line 1641, in _execute_clauseelement
    ret = self._execute_context(
          ^^^^^^^^^^^^^^^^^^^^^^
  File "/home/vscode/.local/lib/python3.11/site-packages/sqlalchemy/engine/base.py", line 1846, in _execute_context
    return self._exec_single_context(
           ^^^^^^^^^^^^^^^^^^^^^^^^^^
  File "/home/vscode/.local/lib/python3.11/site-packages/sqlalchemy/engine/base.py", line 1986, in _exec_single_context
    self._handle_dbapi_exception(
  File "/home/vscode/.local/lib/python3.11/site-packages/sqlalchemy/engine/base.py", line 2363, in _handle_dbapi_exception
    raise sqlalchemy_exception.with_traceback(exc_info[2]) from e
  File "/home/vscode/.local/lib/python3.11/site-packages/sqlalchemy/engine/base.py", line 1967, in _exec_single_context
    self.dialect.do_execute(
  File "/home/vscode/.local/lib/python3.11/site-packages/sqlalchemy/engine/default.py", line 952, in do_execute
    cursor.execute(statement, parameters)
  File "/home/vscode/.local/lib/python3.11/site-packages/sqlalchemy/dialects/sqlite/aiosqlite.py", line 182, in execute
    self._adapt_connection._handle_exception(error)
  File "/home/vscode/.local/lib/python3.11/site-packages/sqlalchemy/dialects/sqlite/aiosqlite.py", line 342, in _handle_exception
    raise error
  File "/home/vscode/.local/lib/python3.11/site-packages/sqlalchemy/dialects/sqlite/aiosqlite.py", line 164, in execute
    self.await_(_cursor.execute(operation, parameters))
  File "/home/vscode/.local/lib/python3.11/site-packages/sqlalchemy/util/_concurrency_py3k.py", line 132, in await_only
    return current.parent.switch(awaitable)  # type: ignore[no-any-return,attr-defined] # noqa: E501
           ^^^^^^^^^^^^^^^^^^^^^^^^^^^^^^^^
  File "/home/vscode/.local/lib/python3.11/site-packages/sqlalchemy/util/_concurrency_py3k.py", line 196, in greenlet_spawn
    value = await result
            ^^^^^^^^^^^^
  File "/home/vscode/.local/lib/python3.11/site-packages/aiosqlite/cursor.py", line 40, in execute
    await self._execute(self._cursor.execute, sql, parameters)
  File "/home/vscode/.local/lib/python3.11/site-packages/aiosqlite/cursor.py", line 32, in _execute
    return await self._conn._execute(fn, *args, **kwargs)
           ^^^^^^^^^^^^^^^^^^^^^^^^^^^^^^^^^^^^^^^^^^^^^^
  File "/home/vscode/.local/lib/python3.11/site-packages/aiosqlite/core.py", line 160, in _execute
    return await future
           ^^^^^^^^^^^^
  File "/home/vscode/.local/lib/python3.11/site-packages/aiosqlite/core.py", line 63, in _connection_worker_thread
    result = function()
             ^^^^^^^^^^
sqlalchemy.exc.OperationalError: (sqlite3.OperationalError) attempt to write a readonly database
[SQL: INSERT INTO app_releases (version_name, version_code, filename, file_size, release_notes, is_mandatory, activo, uuid, created_at, updated_at) VALUES (?, ?, ?, ?, ?, ?, ?, ?, ?, ?)]
[parameters: ('1.0.0', 1, 'zoreza-pro-v1.0.0-1.apk', 174810419, 'Primera versión con auto-actualización', 0, 1, '5845083bc46b4cbe8a0cb0150ef0c3f9', '2026-04-02 07:22:41.094781', '2026-04-02 07:22:41.094787')]
(Background on this error at: https://sqlalche.me/e/20/e3q8)
INFO:     127.0.0.1:58432 - "POST /zoreza-admin/api/auth/login HTTP/1.1" 200 OK
INFO:     127.0.0.1:58442 - "POST /zoreza-admin/api/releases HTTP/1.1" 500 Internal Server Error
ERROR:    Exception in ASGI application
Traceback (most recent call last):
  File "/home/vscode/.local/lib/python3.11/site-packages/sqlalchemy/engine/base.py", line 1967, in _exec_single_context
    self.dialect.do_execute(
  File "/home/vscode/.local/lib/python3.11/site-packages/sqlalchemy/engine/default.py", line 952, in do_execute
    cursor.execute(statement, parameters)
  File "/home/vscode/.local/lib/python3.11/site-packages/sqlalchemy/dialects/sqlite/aiosqlite.py", line 182, in execute
    self._adapt_connection._handle_exception(error)
  File "/home/vscode/.local/lib/python3.11/site-packages/sqlalchemy/dialects/sqlite/aiosqlite.py", line 342, in _handle_exception
    raise error
  File "/home/vscode/.local/lib/python3.11/site-packages/sqlalchemy/dialects/sqlite/aiosqlite.py", line 164, in execute
    self.await_(_cursor.execute(operation, parameters))
  File "/home/vscode/.local/lib/python3.11/site-packages/sqlalchemy/util/_concurrency_py3k.py", line 132, in await_only
    return current.parent.switch(awaitable)  # type: ignore[no-any-return,attr-defined] # noqa: E501
           ^^^^^^^^^^^^^^^^^^^^^^^^^^^^^^^^
  File "/home/vscode/.local/lib/python3.11/site-packages/sqlalchemy/util/_concurrency_py3k.py", line 196, in greenlet_spawn
    value = await result
            ^^^^^^^^^^^^
  File "/home/vscode/.local/lib/python3.11/site-packages/aiosqlite/cursor.py", line 40, in execute
    await self._execute(self._cursor.execute, sql, parameters)
  File "/home/vscode/.local/lib/python3.11/site-packages/aiosqlite/cursor.py", line 32, in _execute
    return await self._conn._execute(fn, *args, **kwargs)
           ^^^^^^^^^^^^^^^^^^^^^^^^^^^^^^^^^^^^^^^^^^^^^^
  File "/home/vscode/.local/lib/python3.11/site-packages/aiosqlite/core.py", line 160, in _execute
    return await future
           ^^^^^^^^^^^^
  File "/home/vscode/.local/lib/python3.11/site-packages/aiosqlite/core.py", line 63, in _connection_worker_thread
    result = function()
             ^^^^^^^^^^
sqlite3.OperationalError: attempt to write a readonly database

The above exception was the direct cause of the following exception:

Traceback (most recent call last):
  File "/home/vscode/.local/lib/python3.11/site-packages/uvicorn/protocols/http/httptools_impl.py", line 416, in run_asgi
    result = await app(  # type: ignore[func-returns-value]
             ^^^^^^^^^^^^^^^^^^^^^^^^^^^^^^^^^^^^^^^^^^^^^^
  File "/home/vscode/.local/lib/python3.11/site-packages/uvicorn/middleware/proxy_headers.py", line 60, in __call__
    return await self.app(scope, receive, send)
           ^^^^^^^^^^^^^^^^^^^^^^^^^^^^^^^^^^^^
  File "/home/vscode/.local/lib/python3.11/site-packages/fastapi/applications.py", line 1159, in __call__
    await super().__call__(scope, receive, send)
  File "/home/vscode/.local/lib/python3.11/site-packages/starlette/applications.py", line 90, in __call__
    await self.middleware_stack(scope, receive, send)
  File "/home/vscode/.local/lib/python3.11/site-packages/starlette/middleware/errors.py", line 186, in __call__
    raise exc
  File "/home/vscode/.local/lib/python3.11/site-packages/starlette/middleware/errors.py", line 164, in __call__
    await self.app(scope, receive, _send)
  File "/home/vscode/.local/lib/python3.11/site-packages/starlette/middleware/base.py", line 191, in __call__
    with recv_stream, send_stream, collapse_excgroups():
  File "/usr/local/lib/python3.11/contextlib.py", line 158, in __exit__
    self.gen.throw(typ, value, traceback)
  File "/home/vscode/.local/lib/python3.11/site-packages/starlette/_utils.py", line 87, in collapse_excgroups
    raise exc
  File "/home/vscode/.local/lib/python3.11/site-packages/starlette/middleware/base.py", line 193, in __call__
    response = await self.dispatch_func(request, call_next)
               ^^^^^^^^^^^^^^^^^^^^^^^^^^^^^^^^^^^^^^^^^^^^
  File "/workspaces/zoreza-corte-semanal/zoreza-pro/backend/app/core/tenant_middleware.py", line 37, in dispatch
    return await call_next(request)
           ^^^^^^^^^^^^^^^^^^^^^^^^
  File "/home/vscode/.local/lib/python3.11/site-packages/starlette/middleware/base.py", line 168, in call_next
    raise app_exc from app_exc.__cause__ or app_exc.__context__
  File "/home/vscode/.local/lib/python3.11/site-packages/starlette/middleware/base.py", line 144, in coro
    await self.app(scope, receive_or_disconnect, send_no_error)
  File "/home/vscode/.local/lib/python3.11/site-packages/starlette/middleware/cors.py", line 88, in __call__
    await self.app(scope, receive, send)
  File "/home/vscode/.local/lib/python3.11/site-packages/starlette/middleware/exceptions.py", line 63, in __call__
    await wrap_app_handling_exceptions(self.app, conn)(scope, receive, send)
  File "/home/vscode/.local/lib/python3.11/site-packages/starlette/_exception_handler.py", line 53, in wrapped_app
    raise exc
  File "/home/vscode/.local/lib/python3.11/site-packages/starlette/_exception_handler.py", line 42, in wrapped_app
    await app(scope, receive, sender)
  File "/home/vscode/.local/lib/python3.11/site-packages/fastapi/middleware/asyncexitstack.py", line 18, in __call__
    await self.app(scope, receive, send)
  File "/home/vscode/.local/lib/python3.11/site-packages/starlette/routing.py", line 660, in __call__
    await self.middleware_stack(scope, receive, send)
  File "/home/vscode/.local/lib/python3.11/site-packages/starlette/routing.py", line 680, in app
    await route.handle(scope, receive, send)
  File "/home/vscode/.local/lib/python3.11/site-packages/starlette/routing.py", line 276, in handle
    await self.app(scope, receive, send)
  File "/home/vscode/.local/lib/python3.11/site-packages/fastapi/routing.py", line 134, in app
    await wrap_app_handling_exceptions(app, request)(scope, receive, send)
  File "/home/vscode/.local/lib/python3.11/site-packages/starlette/_exception_handler.py", line 53, in wrapped_app
    raise exc
  File "/home/vscode/.local/lib/python3.11/site-packages/starlette/_exception_handler.py", line 42, in wrapped_app
    await app(scope, receive, sender)
  File "/home/vscode/.local/lib/python3.11/site-packages/fastapi/routing.py", line 120, in app
    response = await f(request)
               ^^^^^^^^^^^^^^^^
  File "/home/vscode/.local/lib/python3.11/site-packages/fastapi/routing.py", line 674, in app
    raw_response = await run_endpoint_function(
                   ^^^^^^^^^^^^^^^^^^^^^^^^^^^^
  File "/home/vscode/.local/lib/python3.11/site-packages/fastapi/routing.py", line 328, in run_endpoint_function
    return await dependant.call(**values)
           ^^^^^^^^^^^^^^^^^^^^^^^^^^^^^^
  File "/workspaces/zoreza-corte-semanal/zoreza-pro/backend/app/api/v1/endpoints/superadmin.py", line 195, in upload_release
    await db.commit()
  File "/home/vscode/.local/lib/python3.11/site-packages/sqlalchemy/ext/asyncio/session.py", line 1000, in commit
    await greenlet_spawn(self.sync_session.commit)
  File "/home/vscode/.local/lib/python3.11/site-packages/sqlalchemy/util/_concurrency_py3k.py", line 203, in greenlet_spawn
    result = context.switch(value)
             ^^^^^^^^^^^^^^^^^^^^^
  File "/home/vscode/.local/lib/python3.11/site-packages/sqlalchemy/orm/session.py", line 2030, in commit
    trans.commit(_to_root=True)
  File "<string>", line 2, in commit
  File "/home/vscode/.local/lib/python3.11/site-packages/sqlalchemy/orm/state_changes.py", line 137, in _go
    ret_value = fn(self, *arg, **kw)
                ^^^^^^^^^^^^^^^^^^^^
  File "/home/vscode/.local/lib/python3.11/site-packages/sqlalchemy/orm/session.py", line 1311, in commit
    self._prepare_impl()
  File "<string>", line 2, in _prepare_impl
  File "/home/vscode/.local/lib/python3.11/site-packages/sqlalchemy/orm/state_changes.py", line 137, in _go
    ret_value = fn(self, *arg, **kw)
                ^^^^^^^^^^^^^^^^^^^^
  File "/home/vscode/.local/lib/python3.11/site-packages/sqlalchemy/orm/session.py", line 1286, in _prepare_impl
    self.session.flush()
  File "/home/vscode/.local/lib/python3.11/site-packages/sqlalchemy/orm/session.py", line 4331, in flush
    self._flush(objects)
  File "/home/vscode/.local/lib/python3.11/site-packages/sqlalchemy/orm/session.py", line 4466, in _flush
    with util.safe_reraise():
  File "/home/vscode/.local/lib/python3.11/site-packages/sqlalchemy/util/langhelpers.py", line 121, in __exit__
    raise exc_value.with_traceback(exc_tb)
  File "/home/vscode/.local/lib/python3.11/site-packages/sqlalchemy/orm/session.py", line 4427, in _flush
    flush_context.execute()
  File "/home/vscode/.local/lib/python3.11/site-packages/sqlalchemy/orm/unitofwork.py", line 466, in execute
    rec.execute(self)
  File "/home/vscode/.local/lib/python3.11/site-packages/sqlalchemy/orm/unitofwork.py", line 642, in execute
    util.preloaded.orm_persistence.save_obj(
  File "/home/vscode/.local/lib/python3.11/site-packages/sqlalchemy/orm/persistence.py", line 93, in save_obj
    _emit_insert_statements(
  File "/home/vscode/.local/lib/python3.11/site-packages/sqlalchemy/orm/persistence.py", line 1233, in _emit_insert_statements
    result = connection.execute(
             ^^^^^^^^^^^^^^^^^^^
  File "/home/vscode/.local/lib/python3.11/site-packages/sqlalchemy/engine/base.py", line 1419, in execute
    return meth(
           ^^^^^
  File "/home/vscode/.local/lib/python3.11/site-packages/sqlalchemy/sql/elements.py", line 527, in _execute_on_connection
    return connection._execute_clauseelement(
           ^^^^^^^^^^^^^^^^^^^^^^^^^^^^^^^^^^
  File "/home/vscode/.local/lib/python3.11/site-packages/sqlalchemy/engine/base.py", line 1641, in _execute_clauseelement
    ret = self._execute_context(
          ^^^^^^^^^^^^^^^^^^^^^^
  File "/home/vscode/.local/lib/python3.11/site-packages/sqlalchemy/engine/base.py", line 1846, in _execute_context
    return self._exec_single_context(
           ^^^^^^^^^^^^^^^^^^^^^^^^^^
  File "/home/vscode/.local/lib/python3.11/site-packages/sqlalchemy/engine/base.py", line 1986, in _exec_single_context
    self._handle_dbapi_exception(
  File "/home/vscode/.local/lib/python3.11/site-packages/sqlalchemy/engine/base.py", line 2363, in _handle_dbapi_exception
    raise sqlalchemy_exception.with_traceback(exc_info[2]) from e
  File "/home/vscode/.local/lib/python3.11/site-packages/sqlalchemy/engine/base.py", line 1967, in _exec_single_context
    self.dialect.do_execute(
  File "/home/vscode/.local/lib/python3.11/site-packages/sqlalchemy/engine/default.py", line 952, in do_execute
    cursor.execute(statement, parameters)
  File "/home/vscode/.local/lib/python3.11/site-packages/sqlalchemy/dialects/sqlite/aiosqlite.py", line 182, in execute
    self._adapt_connection._handle_exception(error)
  File "/home/vscode/.local/lib/python3.11/site-packages/sqlalchemy/dialects/sqlite/aiosqlite.py", line 342, in _handle_exception
    raise error
  File "/home/vscode/.local/lib/python3.11/site-packages/sqlalchemy/dialects/sqlite/aiosqlite.py", line 164, in execute
    self.await_(_cursor.execute(operation, parameters))
  File "/home/vscode/.local/lib/python3.11/site-packages/sqlalchemy/util/_concurrency_py3k.py", line 132, in await_only
    return current.parent.switch(awaitable)  # type: ignore[no-any-return,attr-defined] # noqa: E501
           ^^^^^^^^^^^^^^^^^^^^^^^^^^^^^^^^
  File "/home/vscode/.local/lib/python3.11/site-packages/sqlalchemy/util/_concurrency_py3k.py", line 196, in greenlet_spawn
    value = await result
            ^^^^^^^^^^^^
  File "/home/vscode/.local/lib/python3.11/site-packages/aiosqlite/cursor.py", line 40, in execute
    await self._execute(self._cursor.execute, sql, parameters)
  File "/home/vscode/.local/lib/python3.11/site-packages/aiosqlite/cursor.py", line 32, in _execute
    return await self._conn._execute(fn, *args, **kwargs)
           ^^^^^^^^^^^^^^^^^^^^^^^^^^^^^^^^^^^^^^^^^^^^^^
  File "/home/vscode/.local/lib/python3.11/site-packages/aiosqlite/core.py", line 160, in _execute
    return await future
           ^^^^^^^^^^^^
  File "/home/vscode/.local/lib/python3.11/site-packages/aiosqlite/core.py", line 63, in _connection_worker_thread
    result = function()
             ^^^^^^^^^^
sqlalchemy.exc.OperationalError: (sqlite3.OperationalError) attempt to write a readonly database
[SQL: INSERT INTO app_releases (version_name, version_code, filename, file_size, release_notes, is_mandatory, activo, uuid, created_at, updated_at) VALUES (?, ?, ?, ?, ?, ?, ?, ?, ?, ?)]
[parameters: ('1.0.0', 1, 'zoreza-pro-v1.0.0-1.apk', 174810419, 'Primera version', 0, 1, 'a7cf967867834965a2b387a16ad17784', '2026-04-02 07:22:50.282864', '2026-04-02 07:22:50.282871')]
(Background on this error at: https://sqlalche.me/e/20/e3q8)
INFO:     Shutting down
INFO:     Waiting for application shutdown.
INFO:     Application shutdown complete.
INFO:     Finished server process [112952]
INFO:     Stopping reloader process [100822]
